<?xml version="1.0" encoding="UTF-8"?>
<testsuite name="com.example.vehiclemanager.core.data.database.ConvertersTest" tests="4" skipped="0" failures="0" errors="0" timestamp="2026-09-05T19:52:31" hostname="ALKIORY-GAMING-PC" time="0.004">
  <properties/>
  <testcase name="instantRoundTripPreservesEpochMillis" classname="com.example.vehiclemanager.core.data.database.ConvertersTest" time="0.002"/>
  <testcase name="nullableFuelTypeValuesRemainNull" classname="com.example.vehiclemanager.core.data.database.ConvertersTest" time="0.0"/>
  <testcase name="nullableInstantValuesRemainNull" classname="com.example.vehiclemanager.core.data.database.ConvertersTest" time="0.0"/>
  <testcase name="fuelTypeRoundTripUsesStableName" classname="com.example.vehiclemanager.core.data.database.ConvertersTest" time="0.001"/>
  <system-out><![CDATA[]]></system-out>
  <system-err><![CDATA[]]></system-err>
</testsuite>
